03.09.10 - 17:03:38 BrainBay start.
03.09.10 - 17:03:38 checking OS version
03.09.10 - 17:03:38 OS version: Windows 7 Professional 
03.09.10 - 17:03:38 load setting from: c:\data\works\brainbayvs2010\debug\brainbay.cfg
03.09.10 - 17:03:38 open midi port: Microsoft MIDI Mapper
03.09.10 - 17:03:39 application init successful.
03.09.10 - 17:03:47 load config: free existing objects.
03.09.10 - 17:03:47 loading design configuration: C:\data\works\BrainBayVS2010\Debug\CONFIGURATIONS\EEG\alpha\alpha_midi.con
03.09.10 - 17:03:47 saving program settings.
03.09.10 - 17:03:47 creating object: EEG
03.09.10 - 17:03:47 creating object: FFT
03.09.10 - 17:03:47 creating object: FFT
03.09.10 - 17:03:47 creating object: MAGNITUDE
03.09.10 - 17:03:47 creating object: MAGNITUDE
03.09.10 - 17:03:47 creating object: MAGNITUDE
03.09.10 - 17:03:47 creating object: EVALUATOR
03.09.10 - 17:03:47 creating object: THRESHOLD
03.09.10 - 17:03:47 creating object: MAGNITUDE
03.09.10 - 17:03:47 creating object: EVALUATOR
03.09.10 - 17:03:47 creating object: MIDI
03.09.10 - 17:03:47 Microsoft GS Wavetable SW Synth: Midi Device not found.
03.09.10 - 17:03:47 -> Using default midi port.
03.09.10 - 17:03:47 creating object: THRESHOLD
03.09.10 - 17:03:47 creating object: FILTER
03.09.10 - 17:03:47 creating object: MIDI
03.09.10 - 17:03:47 Microsoft GS Wavetable SW Synth: Midi Device not found.
03.09.10 - 17:03:47 -> Using default midi port.
03.09.10 - 17:03:47 creating object: EVALUATOR
03.09.10 - 17:03:47 creating object: FILTER
03.09.10 - 17:03:47 creating object: OSCI
03.09.10 - 17:03:47 creating object: MIDI
03.09.10 - 17:03:47 Microsoft GS Wavetable SW Synth: Midi Device not found.
03.09.10 - 17:03:47 -> Using default midi port.
03.09.10 - 17:03:47 create capture file: c:\data\works\brainbayvs2010\debug\ARCHIVES\2_channel_test.arc: 
03.09.10 - 17:03:48 load successful
03.09.10 - 17:03:58 COMPORT opened: \\.\COM15
03.09.10 - 17:04:16 COMPORT closed
03.09.10 - 17:04:16 COMPORT closed
03.09.10 - 17:04:21 COMPORT opened: \\.\COM15
